[2024-03-08 18:09:48,137: INFO: main: welcome to out custom logging]
[2024-03-08 21:39:05,060: INFO: common: yaml file: config\config.yaml loaded successfully]
[2024-03-08 21:39:05,064: INFO: common: yaml file: params.yaml loaded successfully]
[2024-03-08 21:50:53,910: INFO: common: yaml file: config\config.yaml loaded successfully]
[2024-03-08 21:50:53,911: INFO: common: yaml file: params.yaml loaded successfully]
[2024-03-08 21:51:11,941: INFO: common: yaml file: config\config.yaml loaded successfully]
[2024-03-08 21:51:11,944: INFO: common: yaml file: params.yaml loaded successfully]
[2024-03-08 21:51:11,946: INFO: common: yaml file: schema.yaml loaded successfully]
[2024-03-08 21:51:11,951: INFO: common: created directory at: artifacts]
[2024-03-08 21:51:11,954: INFO: common: created directory at: artifacts/data_ingestion]
[2024-03-08 21:51:13,015: INFO: 635984761: artifacts/data_ingestion/data.zip download! with following info: 
Connection: close
Content-Length: 23329
Cache-Control: max-age=300
Content-Security-Policy: default-src 'none'; style-src 'unsafe-inline'; sandbox
Content-Type: application/zip
ETag: "c69888a4ae59bc5a893392785a938ccd4937981c06ba8a9d6a21aa52b4ab5b6e"
Strict-Transport-Security: max-age=31536000
X-Content-Type-Options: nosniff
X-Frame-Options: deny
X-XSS-Protection: 1; mode=block
X-GitHub-Request-Id: 5008:56A21:1F9D170:211F71A:65EB6C31
Accept-Ranges: bytes
Date: Fri, 08 Mar 2024 19:51:13 GMT
Via: 1.1 varnish
X-Served-By: cache-mrs10537-MRS
X-Cache: MISS
X-Cache-Hits: 0
X-Timer: S1709927473.412678,VS0,VE170
Vary: Authorization,Accept-Encoding,Origin
Access-Control-Allow-Origin: *
Cross-Origin-Resource-Policy: cross-origin
X-Fastly-Request-ID: 5d560fda0a9facf2928d8965f51f1b52c351cbae
Expires: Fri, 08 Mar 2024 19:56:13 GMT
Source-Age: 0

]
[2024-03-08 22:41:07,750: INFO: main: >>>>>> stage Data Ingestion stage started <<<<<<]
[2024-03-08 22:41:07,752: INFO: common: yaml file: config\config.yaml loaded successfully]
[2024-03-08 22:41:07,754: INFO: common: yaml file: params.yaml loaded successfully]
[2024-03-08 22:41:07,755: INFO: common: yaml file: schema.yaml loaded successfully]
[2024-03-08 22:41:07,757: INFO: common: created directory at: artifacts]
[2024-03-08 22:41:07,757: INFO: common: created directory at: artifacts/data_ingestion]
[2024-03-08 22:41:09,044: INFO: data_ingestion: artifacts/data_ingestion/data.zip download! with following info: 
Connection: close
Content-Length: 23329
Cache-Control: max-age=300
Content-Security-Policy: default-src 'none'; style-src 'unsafe-inline'; sandbox
Content-Type: application/zip
ETag: "c69888a4ae59bc5a893392785a938ccd4937981c06ba8a9d6a21aa52b4ab5b6e"
Strict-Transport-Security: max-age=31536000
X-Content-Type-Options: nosniff
X-Frame-Options: deny
X-XSS-Protection: 1; mode=block
X-GitHub-Request-Id: 5008:56A21:1F9D170:211F71A:65EB6C31
Accept-Ranges: bytes
Date: Fri, 08 Mar 2024 20:41:09 GMT
Via: 1.1 varnish
X-Served-By: cache-mrs1050090-MRS
X-Cache: HIT
X-Cache-Hits: 1
X-Timer: S1709930469.425620,VS0,VE177
Vary: Authorization,Accept-Encoding,Origin
Access-Control-Allow-Origin: *
Cross-Origin-Resource-Policy: cross-origin
X-Fastly-Request-ID: 2d7da6c799744dc5d848e6a8f47e4d681e96b4db
Expires: Fri, 08 Mar 2024 20:46:09 GMT
Source-Age: 0

]
[2024-03-08 22:41:09,076: INFO: main: >>>>>> stage Data Ingestion stage completed <<<<<<

x==========x]
[2024-03-09 00:26:13,887: INFO: common: yaml file: config\config.yaml loaded successfully]
[2024-03-09 00:26:13,894: INFO: common: yaml file: params.yaml loaded successfully]
[2024-03-09 00:26:13,901: INFO: common: yaml file: schema.yaml loaded successfully]
[2024-03-09 00:26:13,905: INFO: common: created directory at: artifacts]
[2024-03-09 00:26:13,909: INFO: common: created directory at: artifacts/data_validation]
