[2024-03-10 14:50:50,702: INFO: common: yaml file: config\config.yaml loaded successfully]
[2024-03-10 14:50:50,712: INFO: common: yaml file: params.yaml loaded successfully]
[2024-03-10 14:50:50,717: INFO: common: yaml file: schema.yaml loaded successfully]
[2024-03-10 14:50:50,719: INFO: common: created directory at: artifacts]
[2024-03-10 14:54:18,175: INFO: common: yaml file: config\config.yaml loaded successfully]
[2024-03-10 14:54:18,182: INFO: common: yaml file: params.yaml loaded successfully]
[2024-03-10 14:54:18,188: INFO: common: yaml file: schema.yaml loaded successfully]
[2024-03-10 14:54:18,191: INFO: common: created directory at: artifacts]
[2024-03-10 14:55:42,031: INFO: common: yaml file: config\config.yaml loaded successfully]
[2024-03-10 14:55:42,112: INFO: common: yaml file: params.yaml loaded successfully]
[2024-03-10 14:55:42,120: INFO: common: yaml file: schema.yaml loaded successfully]
[2024-03-10 14:55:42,125: INFO: common: created directory at: artifacts]
[2024-03-10 15:00:26,408: INFO: common: yaml file: config\config.yaml loaded successfully]
[2024-03-10 15:00:26,414: INFO: common: yaml file: params.yaml loaded successfully]
[2024-03-10 15:00:26,419: INFO: common: yaml file: schema.yaml loaded successfully]
[2024-03-10 15:00:26,422: INFO: common: created directory at: artifacts]
[2024-03-10 15:00:26,426: INFO: common: created directory at: artifacts/model_evaluation]
[2024-03-10 15:00:27,558: INFO: common: json file saved at: artifacts\model_evaluation\metrics.json]
[2024-03-10 15:12:04,936: INFO: common: yaml file: config\config.yaml loaded successfully]
[2024-03-10 15:12:04,942: INFO: common: yaml file: params.yaml loaded successfully]
[2024-03-10 15:12:04,950: INFO: common: yaml file: schema.yaml loaded successfully]
[2024-03-10 15:12:04,954: INFO: common: created directory at: artifacts]
[2024-03-10 15:12:04,957: INFO: common: created directory at: artifacts/model_evaluation]
[2024-03-10 15:12:05,310: INFO: common: json file saved at: artifacts\model_evaluation\metrics.json]
